19:55:40 **** Clean-only build of configuration Debug for project i2c_Tester ****
make clean 
rm -rf  ./I2Cdev.o ./arduino_i2c.o  ./I2Cdev.d ./arduino_i2c.d  i2c_Tester
 
19:55:40 **** Build of configuration Debug for project i2c_Tester ****
make all 
Building file: ../I2Cdev.cpp
Invoking: Cross G++ Compiler
g++ -O0 -g3 -Wall -c -fmessage-length=0 -MMD -MP -MF"I2Cdev.d" -MT"I2Cdev.o" -o "I2Cdev.o" "../I2Cdev.cpp"
Finished building: ../I2Cdev.cpp
 
Building file: ../MBED.cpp
Invoking: Cross G++ Compiler
g++ -O0 -g3 -Wall -c -fmessage-length=0 -MMD -MP -MF"MBED.d" -MT"MBED.o" -o "MBED.o" "../MBED.cpp"
Finished building: ../MBED.cpp
 
Building file: ../arduino_i2c.cpp
Invoking: Cross G++ Compiler
g++ -O0 -g3 -Wall -c -fmessage-length=0 -MMD -MP -MF"arduino_i2c.d" -MT"arduino_i2c.o" -o "arduino_i2c.o" "../arduino_i2c.cpp"
Finished building: ../arduino_i2c.cpp
 
Building target: i2c_Tester
Invoking: Cross G++ Linker
g++  -o "i2c_Tester"  ./I2Cdev.o ./MBED.o ./arduino_i2c.o   
make: *** Deleting file `i2c_Tester'
make: *** [i2c_Tester] Terminated
Command canceled
